
==========================================================================
floorplan final report_tns
--------------------------------------------------------------------------
tns max 0.00

==========================================================================
floorplan final report_wns
--------------------------------------------------------------------------
wns max 0.00

==========================================================================
floorplan final report_worst_slack
--------------------------------------------------------------------------
worst slack max 8.91

==========================================================================
floorplan final report_clock_min_period
--------------------------------------------------------------------------
clk period_min = 1.09 fmax = 918.61

==========================================================================
floorplan final report_checks -path_delay min
--------------------------------------------------------------------------
Startpoint: in1[0] (input port clocked by clk)
Endpoint: out[0] (output port clocked by clk)
Path Group: clk
Path Type: min

Fanout     Cap    Slew   Delay    Time   Description
-----------------------------------------------------------------------------
                  0.00    0.00    0.00   clock clk (rise edge)
                          0.00    0.00   clock network delay (ideal)
                          0.50    0.50 ^ input external delay
     1    0.94    0.00    0.00    0.50 ^ in1[0] (in)
                                         in1[0] (net)
                  0.00    0.00    0.50 ^ _7_/B (MUX2_X1)
     1    0.01    0.01    0.03    0.53 ^ _7_/Z (MUX2_X1)
                                         out[0] (net)
                  0.01    0.00    0.53 ^ out[0] (out)
                                  0.53   data arrival time

                  0.00    0.00    0.00   clock clk (rise edge)
                          0.00    0.00   clock network delay (ideal)
                          0.00    0.00   clock reconvergence pessimism
                         -0.50   -0.50   output external delay
                                 -0.50   data required time
-----------------------------------------------------------------------------
                                 -0.50   data required time
                                 -0.53   data arrival time
-----------------------------------------------------------------------------
                                  1.03   slack (MET)



==========================================================================
floorplan final report_checks -path_delay max
--------------------------------------------------------------------------
Startpoint: sel (input port clocked by clk)
Endpoint: out[0] (output port clocked by clk)
Path Group: clk
Path Type: max

Fanout     Cap    Slew   Delay    Time   Description
-----------------------------------------------------------------------------
                  0.00    0.00    0.00   clock clk (rise edge)
                          0.00    0.00   clock network delay (ideal)
                          0.50    0.50 ^ input external delay
     1    3.40    0.01    0.01    0.51 ^ sel (in)
                                         sel (net)
                  0.01    0.00    0.51 ^ _1_/A (BUF_X4)
     8   15.36    0.01    0.03    0.54 ^ _1_/Z (BUF_X4)
                                         _0_ (net)
                  0.01    0.00    0.54 ^ _7_/S (MUX2_X1)
     1    0.01    0.01    0.05    0.59 v _7_/Z (MUX2_X1)
                                         out[0] (net)
                  0.01    0.00    0.59 v out[0] (out)
                                  0.59   data arrival time

                  0.00   10.00   10.00   clock clk (rise edge)
                          0.00   10.00   clock network delay (ideal)
                          0.00   10.00   clock reconvergence pessimism
                         -0.50    9.50   output external delay
                                  9.50   data required time
-----------------------------------------------------------------------------
                                  9.50   data required time
                                 -0.59   data arrival time
-----------------------------------------------------------------------------
                                  8.91   slack (MET)



==========================================================================
floorplan final report_checks -unconstrained
--------------------------------------------------------------------------
Startpoint: sel (input port clocked by clk)
Endpoint: out[0] (output port clocked by clk)
Path Group: clk
Path Type: max

Fanout     Cap    Slew   Delay    Time   Description
-----------------------------------------------------------------------------
                  0.00    0.00    0.00   clock clk (rise edge)
                          0.00    0.00   clock network delay (ideal)
                          0.50    0.50 ^ input external delay
     1    3.40    0.01    0.01    0.51 ^ sel (in)
                                         sel (net)
                  0.01    0.00    0.51 ^ _1_/A (BUF_X4)
     8   15.36    0.01    0.03    0.54 ^ _1_/Z (BUF_X4)
                                         _0_ (net)
                  0.01    0.00    0.54 ^ _7_/S (MUX2_X1)
     1    0.01    0.01    0.05    0.59 v _7_/Z (MUX2_X1)
                                         out[0] (net)
                  0.01    0.00    0.59 v out[0] (out)
                                  0.59   data arrival time

                  0.00   10.00   10.00   clock clk (rise edge)
                          0.00   10.00   clock network delay (ideal)
                          0.00   10.00   clock reconvergence pessimism
                         -0.50    9.50   output external delay
                                  9.50   data required time
-----------------------------------------------------------------------------
                                  9.50   data required time
                                 -0.59   data arrival time
-----------------------------------------------------------------------------
                                  8.91   slack (MET)



==========================================================================
floorplan final report_power
--------------------------------------------------------------------------
Group                  Internal  Switching    Leakage      Total
                          Power      Power      Power      Power (Watts)
----------------------------------------------------------------
Sequential             0.00e+00   0.00e+00   0.00e+00   0.00e+00   0.0%
Combinational          4.58e-07   9.37e-08   3.74e-07   9.25e-07 100.0%
Clock                  0.00e+00   0.00e+00   0.00e+00   0.00e+00   0.0%
Macro                  0.00e+00   0.00e+00   0.00e+00   0.00e+00   0.0%
Pad                    0.00e+00   0.00e+00   0.00e+00   0.00e+00   0.0%
----------------------------------------------------------------
Total                  4.58e-07   9.37e-08   3.74e-07   9.25e-07 100.0%
                          49.5%      10.1%      40.4%
