
==========================================================================
finish report_tns
--------------------------------------------------------------------------
tns max 0.00

==========================================================================
finish report_wns
--------------------------------------------------------------------------
wns max 0.00

==========================================================================
finish report_worst_slack
--------------------------------------------------------------------------
worst slack max 8.83

==========================================================================
finish report_clock_min_period
--------------------------------------------------------------------------
clk period_min = 1.17 fmax = 857.52

==========================================================================
finish report_clock_skew
--------------------------------------------------------------------------
Clock clk
No launch/capture paths found.


==========================================================================
finish report_checks -path_delay min
--------------------------------------------------------------------------
Startpoint: in1[0] (input port clocked by clk)
Endpoint: out[0] (output port clocked by clk)
Path Group: clk
Path Type: min

Fanout     Cap    Slew   Delay    Time   Description
-----------------------------------------------------------------------------
                  0.00    0.00    0.00   clock clk (rise edge)
                          0.00    0.00   clock network delay (ideal)
                          0.50    0.50 ^ input external delay
     1    1.94    0.01    0.01    0.51 ^ in1[0] (in)
                                         in1[0] (net)
                  0.01    0.00    0.51 ^ input9/A (BUF_X1)
     1    1.25    0.01    0.02    0.52 ^ input9/Z (BUF_X1)
                                         net9 (net)
                  0.01    0.00    0.52 ^ _7_/B (MUX2_X1)
     1    0.99    0.01    0.03    0.56 ^ _7_/Z (MUX2_X1)
                                         net18 (net)
                  0.01    0.00    0.56 ^ output18/A (BUF_X1)
     1    0.85    0.01    0.02    0.58 ^ output18/Z (BUF_X1)
                                         out[0] (net)
                  0.01    0.00    0.58 ^ out[0] (out)
                                  0.58   data arrival time

                  0.00    0.00    0.00   clock clk (rise edge)
                          0.00    0.00   clock network delay (ideal)
                          0.00    0.00   clock reconvergence pessimism
                         -0.50   -0.50   output external delay
                                 -0.50   data required time
-----------------------------------------------------------------------------
                                 -0.50   data required time
                                 -0.58   data arrival time
-----------------------------------------------------------------------------
                                  1.08   slack (MET)



==========================================================================
finish report_checks -path_delay max
--------------------------------------------------------------------------
Startpoint: sel (input port clocked by clk)
Endpoint: out[2] (output port clocked by clk)
Path Group: clk
Path Type: max

Fanout     Cap    Slew   Delay    Time   Description
-----------------------------------------------------------------------------
                  0.00    0.00    0.00   clock clk (rise edge)
                          0.00    0.00   clock network delay (ideal)
                          0.50    0.50 ^ input external delay
     1    4.04    0.01    0.01    0.51 ^ sel (in)
                                         sel (net)
                  0.01    0.00    0.51 ^ input17/A (BUF_X1)
     8   19.58    0.04    0.06    0.57 ^ input17/Z (BUF_X1)
                                         net17 (net)
                  0.05    0.00    0.58 ^ _5_/S (MUX2_X1)
     1    1.56    0.01    0.06    0.64 v _5_/Z (MUX2_X1)
                                         net20 (net)
                  0.01    0.00    0.64 v output20/A (BUF_X1)
     1    1.20    0.01    0.03    0.67 v output20/Z (BUF_X1)
                                         out[2] (net)
                  0.01    0.00    0.67 v out[2] (out)
                                  0.67   data arrival time

                  0.00   10.00   10.00   clock clk (rise edge)
                          0.00   10.00   clock network delay (ideal)
                          0.00   10.00   clock reconvergence pessimism
                         -0.50    9.50   output external delay
                                  9.50   data required time
-----------------------------------------------------------------------------
                                  9.50   data required time
                                 -0.67   data arrival time
-----------------------------------------------------------------------------
                                  8.83   slack (MET)



==========================================================================
finish report_checks -unconstrained
--------------------------------------------------------------------------
Startpoint: sel (input port clocked by clk)
Endpoint: out[2] (output port clocked by clk)
Path Group: clk
Path Type: max

Fanout     Cap    Slew   Delay    Time   Description
-----------------------------------------------------------------------------
                  0.00    0.00    0.00   clock clk (rise edge)
                          0.00    0.00   clock network delay (ideal)
                          0.50    0.50 ^ input external delay
     1    4.04    0.01    0.01    0.51 ^ sel (in)
                                         sel (net)
                  0.01    0.00    0.51 ^ input17/A (BUF_X1)
     8   19.58    0.04    0.06    0.57 ^ input17/Z (BUF_X1)
                                         net17 (net)
                  0.05    0.00    0.58 ^ _5_/S (MUX2_X1)
     1    1.56    0.01    0.06    0.64 v _5_/Z (MUX2_X1)
                                         net20 (net)
                  0.01    0.00    0.64 v output20/A (BUF_X1)
     1    1.20    0.01    0.03    0.67 v output20/Z (BUF_X1)
                                         out[2] (net)
                  0.01    0.00    0.67 v out[2] (out)
                                  0.67   data arrival time

                  0.00   10.00   10.00   clock clk (rise edge)
                          0.00   10.00   clock network delay (ideal)
                          0.00   10.00   clock reconvergence pessimism
                         -0.50    9.50   output external delay
                                  9.50   data required time
-----------------------------------------------------------------------------
                                  9.50   data required time
                                 -0.67   data arrival time
-----------------------------------------------------------------------------
                                  8.83   slack (MET)



==========================================================================
finish report_check_types -max_slew -max_cap -max_fanout -violators
--------------------------------------------------------------------------

==========================================================================
finish max_slew_check_slack
--------------------------------------------------------------------------
0.15361709892749786

==========================================================================
finish max_slew_check_limit
--------------------------------------------------------------------------
0.1985349953174591

==========================================================================
finish max_slew_check_slack_limit
--------------------------------------------------------------------------
0.7738

==========================================================================
finish max_fanout_check_slack
--------------------------------------------------------------------------
1.0000000150474662e+30

==========================================================================
finish max_fanout_check_limit
--------------------------------------------------------------------------
1.0000000150474662e+30

==========================================================================
finish max_capacitance_check_slack
--------------------------------------------------------------------------
41.07391357421875

==========================================================================
finish max_capacitance_check_limit
--------------------------------------------------------------------------
60.65370559692383

==========================================================================
finish max_capacitance_check_slack_limit
--------------------------------------------------------------------------
0.6772

==========================================================================
finish max_slew_violation_count
--------------------------------------------------------------------------
max slew violation count 0

==========================================================================
finish max_fanout_violation_count
--------------------------------------------------------------------------
max fanout violation count 0

==========================================================================
finish max_cap_violation_count
--------------------------------------------------------------------------
max cap violation count 0

==========================================================================
finish setup_violation_count
--------------------------------------------------------------------------
setup violation count 0

==========================================================================
finish hold_violation_count
--------------------------------------------------------------------------
hold violation count 0

==========================================================================
finish critical path delay
--------------------------------------------------------------------------
0.6662

==========================================================================
finish critical path slack
--------------------------------------------------------------------------
8.8338

==========================================================================
finish slack div critical path delay
--------------------------------------------------------------------------
1325.998199

==========================================================================
finish report_power
--------------------------------------------------------------------------
Group                  Internal  Switching    Leakage      Total
                          Power      Power      Power      Power (Watts)
----------------------------------------------------------------
Sequential             0.00e+00   0.00e+00   0.00e+00   0.00e+00   0.0%
Combinational          1.03e-06   4.00e-07   8.23e-07   2.25e-06 100.0%
Clock                  0.00e+00   0.00e+00   0.00e+00   0.00e+00   0.0%
Macro                  0.00e+00   0.00e+00   0.00e+00   0.00e+00   0.0%
Pad                    0.00e+00   0.00e+00   0.00e+00   0.00e+00   0.0%
----------------------------------------------------------------
Total                  1.03e-06   4.00e-07   8.23e-07   2.25e-06 100.0%
                          45.6%      17.8%      36.6%
