
==========================================================================
floorplan final report_tns
--------------------------------------------------------------------------
tns max 0.00

==========================================================================
floorplan final report_wns
--------------------------------------------------------------------------
wns max 0.00

==========================================================================
floorplan final report_worst_slack
--------------------------------------------------------------------------
worst slack max 9.50

==========================================================================
floorplan final report_clock_min_period
--------------------------------------------------------------------------
PCLK period_min = 0.50 fmax = 1992.46

==========================================================================
floorplan final report_checks -path_delay min
--------------------------------------------------------------------------
Startpoint: u_fifo.count[3]$_DFFE_PN0P_
            (rising edge-triggered flip-flop clocked by PCLK)
Endpoint: u_fifo.count[3]$_DFFE_PN0P_
          (rising edge-triggered flip-flop clocked by PCLK)
Path Group: PCLK
Path Type: min

Fanout     Cap    Slew   Delay    Time   Description
-----------------------------------------------------------------------------
                  0.00    0.00    0.00   clock PCLK (rise edge)
                          0.00    0.00   clock network delay (ideal)
                  0.00    0.00    0.00 ^ u_fifo.count[3]$_DFFE_PN0P_/CK (DFFR_X1)
     5    6.87    0.01    0.09    0.09 v u_fifo.count[3]$_DFFE_PN0P_/Q (DFFR_X1)
                                         tx_fifo_count[3] (net)
                  0.01    0.00    0.09 v _1036_/A (XOR2_X1)
     1    1.13    0.02    0.02    0.12 ^ _1036_/Z (XOR2_X1)
                                         _0109_ (net)
                  0.02    0.00    0.12 ^ u_fifo.count[3]$_DFFE_PN0P_/D (DFFR_X1)
                                  0.12   data arrival time

                  0.00    0.00    0.00   clock PCLK (rise edge)
                          0.00    0.00   clock network delay (ideal)
                          0.00    0.00   clock reconvergence pessimism
                                  0.00 ^ u_fifo.count[3]$_DFFE_PN0P_/CK (DFFR_X1)
                          0.01    0.01   library hold time
                                  0.01   data required time
-----------------------------------------------------------------------------
                                  0.01   data required time
                                 -0.12   data arrival time
-----------------------------------------------------------------------------
                                  0.11   slack (MET)



==========================================================================
floorplan final report_checks -path_delay max
--------------------------------------------------------------------------
Startpoint: tx_state[10]$_DFF_PN0_
            (rising edge-triggered flip-flop clocked by PCLK)
Endpoint: bit_counter[3]$_DFFE_PN0P_
          (rising edge-triggered flip-flop clocked by PCLK)
Path Group: PCLK
Path Type: max

Fanout     Cap    Slew   Delay    Time   Description
-----------------------------------------------------------------------------
                  0.00    0.00    0.00   clock PCLK (rise edge)
                          0.00    0.00   clock network delay (ideal)
                  0.00    0.00    0.00 ^ tx_state[10]$_DFF_PN0_/CK (DFFR_X1)
     1    3.00    0.01    0.09    0.09 v tx_state[10]$_DFF_PN0_/Q (DFFR_X1)
                                         tx_state[10] (net)
                  0.01    0.00    0.09 v _0787_/A (BUF_X4)
     5    9.52    0.01    0.03    0.11 v _0787_/Z (BUF_X4)
                                         _0206_ (net)
                  0.01    0.00    0.11 v _0788_/A4 (OR4_X4)
     4   12.01    0.02    0.11    0.22 v _0788_/ZN (OR4_X4)
                                         _0207_ (net)
                  0.02    0.00    0.22 v _0903_/A4 (OR4_X4)
     2    6.56    0.02    0.11    0.33 v _0903_/ZN (OR4_X4)
                                         _0303_ (net)
                  0.02    0.00    0.33 v _0953_/A (AOI21_X4)
     3    5.09    0.02    0.04    0.37 ^ _0953_/ZN (AOI21_X4)
                                         _0337_ (net)
                  0.02    0.00    0.37 ^ _1302_/A2 (NOR4_X1)
     1    1.61    0.01    0.01    0.39 v _1302_/ZN (NOR4_X1)
                                         _0587_ (net)
                  0.01    0.00    0.39 v _1303_/A3 (OR3_X2)
     1    1.05    0.01    0.07    0.46 v _1303_/ZN (OR3_X2)
                                         _0154_ (net)
                  0.01    0.00    0.46 v bit_counter[3]$_DFFE_PN0P_/D (DFFR_X1)
                                  0.46   data arrival time

                  0.00   10.00   10.00   clock PCLK (rise edge)
                          0.00   10.00   clock network delay (ideal)
                          0.00   10.00   clock reconvergence pessimism
                                 10.00 ^ bit_counter[3]$_DFFE_PN0P_/CK (DFFR_X1)
                         -0.04    9.96   library setup time
                                  9.96   data required time
-----------------------------------------------------------------------------
                                  9.96   data required time
                                 -0.46   data arrival time
-----------------------------------------------------------------------------
                                  9.50   slack (MET)



==========================================================================
floorplan final report_checks -unconstrained
--------------------------------------------------------------------------
Startpoint: tx_state[10]$_DFF_PN0_
            (rising edge-triggered flip-flop clocked by PCLK)
Endpoint: bit_counter[3]$_DFFE_PN0P_
          (rising edge-triggered flip-flop clocked by PCLK)
Path Group: PCLK
Path Type: max

Fanout     Cap    Slew   Delay    Time   Description
-----------------------------------------------------------------------------
                  0.00    0.00    0.00   clock PCLK (rise edge)
                          0.00    0.00   clock network delay (ideal)
                  0.00    0.00    0.00 ^ tx_state[10]$_DFF_PN0_/CK (DFFR_X1)
     1    3.00    0.01    0.09    0.09 v tx_state[10]$_DFF_PN0_/Q (DFFR_X1)
                                         tx_state[10] (net)
                  0.01    0.00    0.09 v _0787_/A (BUF_X4)
     5    9.52    0.01    0.03    0.11 v _0787_/Z (BUF_X4)
                                         _0206_ (net)
                  0.01    0.00    0.11 v _0788_/A4 (OR4_X4)
     4   12.01    0.02    0.11    0.22 v _0788_/ZN (OR4_X4)
                                         _0207_ (net)
                  0.02    0.00    0.22 v _0903_/A4 (OR4_X4)
     2    6.56    0.02    0.11    0.33 v _0903_/ZN (OR4_X4)
                                         _0303_ (net)
                  0.02    0.00    0.33 v _0953_/A (AOI21_X4)
     3    5.09    0.02    0.04    0.37 ^ _0953_/ZN (AOI21_X4)
                                         _0337_ (net)
                  0.02    0.00    0.37 ^ _1302_/A2 (NOR4_X1)
     1    1.61    0.01    0.01    0.39 v _1302_/ZN (NOR4_X1)
                                         _0587_ (net)
                  0.01    0.00    0.39 v _1303_/A3 (OR3_X2)
     1    1.05    0.01    0.07    0.46 v _1303_/ZN (OR3_X2)
                                         _0154_ (net)
                  0.01    0.00    0.46 v bit_counter[3]$_DFFE_PN0P_/D (DFFR_X1)
                                  0.46   data arrival time

                  0.00   10.00   10.00   clock PCLK (rise edge)
                          0.00   10.00   clock network delay (ideal)
                          0.00   10.00   clock reconvergence pessimism
                                 10.00 ^ bit_counter[3]$_DFFE_PN0P_/CK (DFFR_X1)
                         -0.04    9.96   library setup time
                                  9.96   data required time
-----------------------------------------------------------------------------
                                  9.96   data required time
                                 -0.46   data arrival time
-----------------------------------------------------------------------------
                                  9.50   slack (MET)



==========================================================================
floorplan final report_power
--------------------------------------------------------------------------
Group                  Internal  Switching    Leakage      Total
                          Power      Power      Power      Power (Watts)
----------------------------------------------------------------
Sequential             2.42e-04   3.26e-05   1.50e-05   2.89e-04  52.9%
Combinational          1.45e-04   9.44e-05   1.76e-05   2.57e-04  47.1%
Clock                  0.00e+00   0.00e+00   0.00e+00   0.00e+00   0.0%
Macro                  0.00e+00   0.00e+00   0.00e+00   0.00e+00   0.0%
Pad                    0.00e+00   0.00e+00   0.00e+00   0.00e+00   0.0%
----------------------------------------------------------------
Total                  3.87e-04   1.27e-04   3.26e-05   5.47e-04 100.0%
                          70.8%      23.2%       6.0%
