
==========================================================================
global route report_tns
--------------------------------------------------------------------------
tns max 0.00

==========================================================================
global route report_wns
--------------------------------------------------------------------------
wns max 0.00

==========================================================================
global route report_worst_slack
--------------------------------------------------------------------------
worst slack max 9.31

==========================================================================
global route report_clock_min_period
--------------------------------------------------------------------------
PCLK period_min = 0.69 fmax = 1446.21

==========================================================================
global route report_clock_skew
--------------------------------------------------------------------------
Clock PCLK
   0.11 source latency u_fifo.op_count[1]$_DFFE_PN0P_/CK ^
  -0.11 target latency tx_buffer[4]$_DFFE_PN0P_/CK ^
   0.00 CRPR
--------------
  -0.00 setup skew


==========================================================================
global route report_checks -path_delay min
--------------------------------------------------------------------------
Startpoint: tx_state[0]$_DFF_PN1_
            (rising edge-triggered flip-flop clocked by PCLK)
Endpoint: pop_tx_fifo$_DFF_PN0_
          (rising edge-triggered flip-flop clocked by PCLK)
Path Group: PCLK
Path Type: min

Fanout     Cap    Slew   Delay    Time   Description
-----------------------------------------------------------------------------
                          0.00    0.00   clock PCLK (rise edge)
                          0.00    0.00   clock source latency
     1    7.53    0.00    0.00    0.00 ^ PCLK (in)
                                         PCLK (net)
                  0.00    0.00    0.00 ^ clkbuf_0_PCLK/A (CLKBUF_X3)
    16   42.79    0.03    0.06    0.06 ^ clkbuf_0_PCLK/Z (CLKBUF_X3)
                                         clknet_0_PCLK (net)
                  0.03    0.00    0.06 ^ clkbuf_4_10_0_PCLK/A (CLKBUF_X3)
    11   20.51    0.02    0.05    0.11 ^ clkbuf_4_10_0_PCLK/Z (CLKBUF_X3)
                                         clknet_4_10_0_PCLK (net)
                  0.02    0.00    0.11 ^ tx_state[0]$_DFF_PN1_/CK (DFFS_X1)
     2    5.36    0.02    0.08    0.20 ^ tx_state[0]$_DFF_PN1_/QN (DFFS_X1)
                                         _0015_ (net)
                  0.02    0.00    0.20 ^ _0812_/A2 (NOR3_X2)
    10   22.39    0.01    0.03    0.22 v _0812_/ZN (NOR3_X2)
                                         _0230_ (net)
                  0.01    0.00    0.22 v pop_tx_fifo$_DFF_PN0_/D (DFFR_X1)
                                  0.22   data arrival time

                          0.00    0.00   clock PCLK (rise edge)
                          0.00    0.00   clock source latency
     1    7.53    0.00    0.00    0.00 ^ PCLK (in)
                                         PCLK (net)
                  0.00    0.00    0.00 ^ clkbuf_0_PCLK/A (CLKBUF_X3)
    16   42.79    0.03    0.06    0.06 ^ clkbuf_0_PCLK/Z (CLKBUF_X3)
                                         clknet_0_PCLK (net)
                  0.03    0.00    0.06 ^ clkbuf_4_10_0_PCLK/A (CLKBUF_X3)
    11   20.51    0.02    0.05    0.11 ^ clkbuf_4_10_0_PCLK/Z (CLKBUF_X3)
                                         clknet_4_10_0_PCLK (net)
                  0.02    0.00    0.11 ^ pop_tx_fifo$_DFF_PN0_/CK (DFFR_X1)
                          0.00    0.11   clock reconvergence pessimism
                          0.01    0.12   library hold time
                                  0.12   data required time
-----------------------------------------------------------------------------
                                  0.12   data required time
                                 -0.22   data arrival time
-----------------------------------------------------------------------------
                                  0.10   slack (MET)



==========================================================================
global route report_checks -path_delay max
--------------------------------------------------------------------------
Startpoint: u_fifo.op_count[1]$_DFFE_PN0P_
            (rising edge-triggered flip-flop clocked by PCLK)
Endpoint: tx_buffer[5]$_DFFE_PN0P_
          (rising edge-triggered flip-flop clocked by PCLK)
Path Group: PCLK
Path Type: max

Fanout     Cap    Slew   Delay    Time   Description
-----------------------------------------------------------------------------
                          0.00    0.00   clock PCLK (rise edge)
                          0.00    0.00   clock source latency
     1    7.53    0.00    0.00    0.00 ^ PCLK (in)
                                         PCLK (net)
                  0.00    0.00    0.00 ^ clkbuf_0_PCLK/A (CLKBUF_X3)
    16   42.79    0.03    0.06    0.06 ^ clkbuf_0_PCLK/Z (CLKBUF_X3)
                                         clknet_0_PCLK (net)
                  0.03    0.00    0.06 ^ clkbuf_4_9_0_PCLK/A (CLKBUF_X3)
    12   18.73    0.02    0.05    0.11 ^ clkbuf_4_9_0_PCLK/Z (CLKBUF_X3)
                                         clknet_4_9_0_PCLK (net)
                  0.02    0.00    0.11 ^ u_fifo.op_count[1]$_DFFE_PN0P_/CK (DFFR_X1)
     4   11.12    0.03    0.13    0.24 ^ u_fifo.op_count[1]$_DFFE_PN0P_/Q (DFFR_X1)
                                         u_fifo.op_count[1] (net)
                  0.03    0.00    0.24 ^ _1353_/B (HA_X1)
    16   37.70    0.09    0.12    0.36 ^ _1353_/CO (HA_X1)
                                         _0019_ (net)
                  0.09    0.00    0.37 ^ place45/A (BUF_X1)
    16   34.50    0.08    0.11    0.48 ^ place45/Z (BUF_X1)
                                         net45 (net)
                  0.08    0.00    0.48 ^ _1043_/A2 (NOR3_X1)
     2    3.13    0.02    0.02    0.50 v _1043_/ZN (NOR3_X1)
                                         _0372_ (net)
                  0.02    0.00    0.50 v _1044_/A2 (NAND2_X1)
    14   28.90    0.07    0.09    0.58 ^ _1044_/ZN (NAND2_X1)
                                         _0373_ (net)
                  0.07    0.00    0.59 ^ _1262_/A2 (NOR2_X1)
     1    1.42    0.02    0.01    0.60 v _1262_/ZN (NOR2_X1)
                                         _0557_ (net)
                  0.02    0.00    0.60 v _1263_/A4 (OR4_X1)
     1    2.40    0.02    0.12    0.72 v _1263_/ZN (OR4_X1)
                                         _0558_ (net)
                  0.02    0.00    0.72 v _1264_/B2 (OAI22_X1)
     1    1.99    0.03    0.05    0.77 ^ _1264_/ZN (OAI22_X1)
                                         _0144_ (net)
                  0.03    0.00    0.77 ^ tx_buffer[5]$_DFFE_PN0P_/D (DFFR_X1)
                                  0.77   data arrival time

                         10.00   10.00   clock PCLK (rise edge)
                          0.00   10.00   clock source latency
     1    7.53    0.00    0.00   10.00 ^ PCLK (in)
                                         PCLK (net)
                  0.00    0.00   10.00 ^ clkbuf_0_PCLK/A (CLKBUF_X3)
    16   42.79    0.03    0.06   10.06 ^ clkbuf_0_PCLK/Z (CLKBUF_X3)
                                         clknet_0_PCLK (net)
                  0.03    0.00   10.06 ^ clkbuf_4_15_0_PCLK/A (CLKBUF_X3)
    14   19.79    0.02    0.05   10.11 ^ clkbuf_4_15_0_PCLK/Z (CLKBUF_X3)
                                         clknet_4_15_0_PCLK (net)
                  0.02    0.00   10.11 ^ tx_buffer[5]$_DFFE_PN0P_/CK (DFFR_X1)
                          0.00   10.11   clock reconvergence pessimism
                         -0.04   10.08   library setup time
                                 10.08   data required time
-----------------------------------------------------------------------------
                                 10.08   data required time
                                 -0.77   data arrival time
-----------------------------------------------------------------------------
                                  9.31   slack (MET)



==========================================================================
global route report_checks -unconstrained
--------------------------------------------------------------------------
Startpoint: u_fifo.op_count[1]$_DFFE_PN0P_
            (rising edge-triggered flip-flop clocked by PCLK)
Endpoint: tx_buffer[5]$_DFFE_PN0P_
          (rising edge-triggered flip-flop clocked by PCLK)
Path Group: PCLK
Path Type: max

Fanout     Cap    Slew   Delay    Time   Description
-----------------------------------------------------------------------------
                          0.00    0.00   clock PCLK (rise edge)
                          0.00    0.00   clock source latency
     1    7.53    0.00    0.00    0.00 ^ PCLK (in)
                                         PCLK (net)
                  0.00    0.00    0.00 ^ clkbuf_0_PCLK/A (CLKBUF_X3)
    16   42.79    0.03    0.06    0.06 ^ clkbuf_0_PCLK/Z (CLKBUF_X3)
                                         clknet_0_PCLK (net)
                  0.03    0.00    0.06 ^ clkbuf_4_9_0_PCLK/A (CLKBUF_X3)
    12   18.73    0.02    0.05    0.11 ^ clkbuf_4_9_0_PCLK/Z (CLKBUF_X3)
                                         clknet_4_9_0_PCLK (net)
                  0.02    0.00    0.11 ^ u_fifo.op_count[1]$_DFFE_PN0P_/CK (DFFR_X1)
     4   11.12    0.03    0.13    0.24 ^ u_fifo.op_count[1]$_DFFE_PN0P_/Q (DFFR_X1)
                                         u_fifo.op_count[1] (net)
                  0.03    0.00    0.24 ^ _1353_/B (HA_X1)
    16   37.70    0.09    0.12    0.36 ^ _1353_/CO (HA_X1)
                                         _0019_ (net)
                  0.09    0.00    0.37 ^ place45/A (BUF_X1)
    16   34.50    0.08    0.11    0.48 ^ place45/Z (BUF_X1)
                                         net45 (net)
                  0.08    0.00    0.48 ^ _1043_/A2 (NOR3_X1)
     2    3.13    0.02    0.02    0.50 v _1043_/ZN (NOR3_X1)
                                         _0372_ (net)
                  0.02    0.00    0.50 v _1044_/A2 (NAND2_X1)
    14   28.90    0.07    0.09    0.58 ^ _1044_/ZN (NAND2_X1)
                                         _0373_ (net)
                  0.07    0.00    0.59 ^ _1262_/A2 (NOR2_X1)
     1    1.42    0.02    0.01    0.60 v _1262_/ZN (NOR2_X1)
                                         _0557_ (net)
                  0.02    0.00    0.60 v _1263_/A4 (OR4_X1)
     1    2.40    0.02    0.12    0.72 v _1263_/ZN (OR4_X1)
                                         _0558_ (net)
                  0.02    0.00    0.72 v _1264_/B2 (OAI22_X1)
     1    1.99    0.03    0.05    0.77 ^ _1264_/ZN (OAI22_X1)
                                         _0144_ (net)
                  0.03    0.00    0.77 ^ tx_buffer[5]$_DFFE_PN0P_/D (DFFR_X1)
                                  0.77   data arrival time

                         10.00   10.00   clock PCLK (rise edge)
                          0.00   10.00   clock source latency
     1    7.53    0.00    0.00   10.00 ^ PCLK (in)
                                         PCLK (net)
                  0.00    0.00   10.00 ^ clkbuf_0_PCLK/A (CLKBUF_X3)
    16   42.79    0.03    0.06   10.06 ^ clkbuf_0_PCLK/Z (CLKBUF_X3)
                                         clknet_0_PCLK (net)
                  0.03    0.00   10.06 ^ clkbuf_4_15_0_PCLK/A (CLKBUF_X3)
    14   19.79    0.02    0.05   10.11 ^ clkbuf_4_15_0_PCLK/Z (CLKBUF_X3)
                                         clknet_4_15_0_PCLK (net)
                  0.02    0.00   10.11 ^ tx_buffer[5]$_DFFE_PN0P_/CK (DFFR_X1)
                          0.00   10.11   clock reconvergence pessimism
                         -0.04   10.08   library setup time
                                 10.08   data required time
-----------------------------------------------------------------------------
                                 10.08   data required time
                                 -0.77   data arrival time
-----------------------------------------------------------------------------
                                  9.31   slack (MET)



==========================================================================
global route report_check_types -max_slew -max_cap -max_fanout -violators
--------------------------------------------------------------------------

==========================================================================
global route max_slew_check_slack
--------------------------------------------------------------------------
0.09977515786886215

==========================================================================
global route max_slew_check_limit
--------------------------------------------------------------------------
0.1985349953174591

==========================================================================
global route max_slew_check_slack_limit
--------------------------------------------------------------------------
0.5026

==========================================================================
global route max_fanout_check_slack
--------------------------------------------------------------------------
1.0000000150474662e+30

==========================================================================
global route max_fanout_check_limit
--------------------------------------------------------------------------
1.0000000150474662e+30

==========================================================================
global route max_capacitance_check_slack
--------------------------------------------------------------------------
6.7322587966918945

==========================================================================
global route max_capacitance_check_limit
--------------------------------------------------------------------------
10.47130012512207

==========================================================================
global route max_capacitance_check_slack_limit
--------------------------------------------------------------------------
0.6429

==========================================================================
global route max_slew_violation_count
--------------------------------------------------------------------------
max slew violation count 0

==========================================================================
global route max_fanout_violation_count
--------------------------------------------------------------------------
max fanout violation count 0

==========================================================================
global route max_cap_violation_count
--------------------------------------------------------------------------
max cap violation count 0

==========================================================================
global route setup_violation_count
--------------------------------------------------------------------------
setup violation count 0

==========================================================================
global route hold_violation_count
--------------------------------------------------------------------------
hold violation count 0

==========================================================================
global route report_checks -path_delay max reg to reg
--------------------------------------------------------------------------
Startpoint: u_fifo.op_count[1]$_DFFE_PN0P_
            (rising edge-triggered flip-flop clocked by PCLK)
Endpoint: tx_buffer[5]$_DFFE_PN0P_
          (rising edge-triggered flip-flop clocked by PCLK)
Path Group: PCLK
Path Type: max

  Delay    Time   Description
---------------------------------------------------------
   0.00    0.00   clock PCLK (rise edge)
   0.00    0.00   clock source latency
   0.00    0.00 ^ PCLK (in)
   0.06    0.06 ^ clkbuf_0_PCLK/Z (CLKBUF_X3)
   0.05    0.11 ^ clkbuf_4_9_0_PCLK/Z (CLKBUF_X3)
   0.00    0.11 ^ u_fifo.op_count[1]$_DFFE_PN0P_/CK (DFFR_X1)
   0.13    0.24 ^ u_fifo.op_count[1]$_DFFE_PN0P_/Q (DFFR_X1)
   0.12    0.36 ^ _1353_/CO (HA_X1)
   0.11    0.48 ^ place45/Z (BUF_X1)
   0.02    0.50 v _1043_/ZN (NOR3_X1)
   0.09    0.58 ^ _1044_/ZN (NAND2_X1)
   0.02    0.60 v _1262_/ZN (NOR2_X1)
   0.12    0.72 v _1263_/ZN (OR4_X1)
   0.05    0.77 ^ _1264_/ZN (OAI22_X1)
   0.00    0.77 ^ tx_buffer[5]$_DFFE_PN0P_/D (DFFR_X1)
           0.77   data arrival time

  10.00   10.00   clock PCLK (rise edge)
   0.00   10.00   clock source latency
   0.00   10.00 ^ PCLK (in)
   0.06   10.06 ^ clkbuf_0_PCLK/Z (CLKBUF_X3)
   0.05   10.11 ^ clkbuf_4_15_0_PCLK/Z (CLKBUF_X3)
   0.00   10.11 ^ tx_buffer[5]$_DFFE_PN0P_/CK (DFFR_X1)
   0.00   10.11   clock reconvergence pessimism
  -0.04   10.08   library setup time
          10.08   data required time
---------------------------------------------------------
          10.08   data required time
          -0.77   data arrival time
---------------------------------------------------------
           9.31   slack (MET)



==========================================================================
global route report_checks -path_delay min reg to reg
--------------------------------------------------------------------------
Startpoint: tx_state[0]$_DFF_PN1_
            (rising edge-triggered flip-flop clocked by PCLK)
Endpoint: pop_tx_fifo$_DFF_PN0_
          (rising edge-triggered flip-flop clocked by PCLK)
Path Group: PCLK
Path Type: min

  Delay    Time   Description
---------------------------------------------------------
   0.00    0.00   clock PCLK (rise edge)
   0.00    0.00   clock source latency
   0.00    0.00 ^ PCLK (in)
   0.06    0.06 ^ clkbuf_0_PCLK/Z (CLKBUF_X3)
   0.06    0.11 ^ clkbuf_4_10_0_PCLK/Z (CLKBUF_X3)
   0.00    0.11 ^ tx_state[0]$_DFF_PN1_/CK (DFFS_X1)
   0.08    0.20 ^ tx_state[0]$_DFF_PN1_/QN (DFFS_X1)
   0.03    0.22 v _0812_/ZN (NOR3_X2)
   0.00    0.22 v pop_tx_fifo$_DFF_PN0_/D (DFFR_X1)
           0.22   data arrival time

   0.00    0.00   clock PCLK (rise edge)
   0.00    0.00   clock source latency
   0.00    0.00 ^ PCLK (in)
   0.06    0.06 ^ clkbuf_0_PCLK/Z (CLKBUF_X3)
   0.06    0.11 ^ clkbuf_4_10_0_PCLK/Z (CLKBUF_X3)
   0.00    0.11 ^ pop_tx_fifo$_DFF_PN0_/CK (DFFR_X1)
   0.00    0.11   clock reconvergence pessimism
   0.01    0.12   library hold time
           0.12   data required time
---------------------------------------------------------
           0.12   data required time
          -0.22   data arrival time
---------------------------------------------------------
           0.10   slack (MET)



==========================================================================
global route critical path target clock latency max path
--------------------------------------------------------------------------
0

==========================================================================
global route critical path target clock latency min path
--------------------------------------------------------------------------
0

==========================================================================
global route critical path source clock latency min path
--------------------------------------------------------------------------
0

==========================================================================
global route critical path delay
--------------------------------------------------------------------------
0.7685

==========================================================================
global route critical path slack
--------------------------------------------------------------------------
9.3085

==========================================================================
global route slack div critical path delay
--------------------------------------------------------------------------
1211.255693

==========================================================================
global route report_power
--------------------------------------------------------------------------
Group                  Internal  Switching    Leakage      Total
                          Power      Power      Power      Power (Watts)
----------------------------------------------------------------
Sequential             2.41e-04   5.50e-05   1.50e-05   3.11e-04  47.6%
Combinational          1.40e-04   1.15e-04   1.69e-05   2.73e-04  41.7%
Clock                  2.57e-05   4.31e-05   1.12e-06   6.99e-05  10.7%
Macro                  0.00e+00   0.00e+00   0.00e+00   0.00e+00   0.0%
Pad                    0.00e+00   0.00e+00   0.00e+00   0.00e+00   0.0%
----------------------------------------------------------------
Total                  4.08e-04   2.13e-04   3.30e-05   6.54e-04 100.0%
                          62.3%      32.6%       5.0%
