
==========================================================================
floorplan final report_tns
--------------------------------------------------------------------------
tns max 0.00

==========================================================================
floorplan final report_wns
--------------------------------------------------------------------------
wns max 0.00

==========================================================================
floorplan final report_worst_slack
--------------------------------------------------------------------------
worst slack max 8.81

==========================================================================
floorplan final report_clock_min_period
--------------------------------------------------------------------------
clk period_min = 1.19 fmax = 841.09

==========================================================================
floorplan final report_checks -path_delay min
--------------------------------------------------------------------------
Startpoint: d[1]$_DFF_PN1_ (rising edge-triggered flip-flop clocked by clk)
Endpoint: d[0]$_DFF_PN1_ (rising edge-triggered flip-flop clocked by clk)
Path Group: clk
Path Type: min

Fanout     Cap    Slew   Delay    Time   Description
-----------------------------------------------------------------------------
                  0.00    0.00    0.00   clock clk (rise edge)
                          0.00    0.00   clock network delay (ideal)
                  0.00    0.00    0.00 ^ d[1]$_DFF_PN1_/CK (DFFS_X1)
     1    1.09    0.01    0.08    0.08 v d[1]$_DFF_PN1_/Q (DFFS_X1)
                                         d[1] (net)
                  0.01    0.00    0.08 v d[0]$_DFF_PN1_/D (DFFS_X1)
                                  0.08   data arrival time

                  0.00    0.00    0.00   clock clk (rise edge)
                          0.00    0.00   clock network delay (ideal)
                          0.05    0.05   clock uncertainty
                          0.00    0.05   clock reconvergence pessimism
                                  0.05 ^ d[0]$_DFF_PN1_/CK (DFFS_X1)
                          0.00    0.05   library hold time
                                  0.05   data required time
-----------------------------------------------------------------------------
                                  0.05   data required time
                                 -0.08   data arrival time
-----------------------------------------------------------------------------
                                  0.03   slack (MET)



==========================================================================
floorplan final report_checks -path_delay max
--------------------------------------------------------------------------
Startpoint: d[0]$_DFF_PN1_ (rising edge-triggered flip-flop clocked by clk)
Endpoint: y (output port clocked by clk)
Path Group: clk
Path Type: max

Fanout     Cap    Slew   Delay    Time   Description
-----------------------------------------------------------------------------
                  0.00    0.00    0.00   clock clk (rise edge)
                          0.00    0.00   clock network delay (ideal)
                  0.00    0.00    0.00 ^ d[0]$_DFF_PN1_/CK (DFFS_X1)
     2    2.37    0.01    0.09    0.09 ^ d[0]$_DFF_PN1_/Q (DFFS_X1)
                                         y (net)
                  0.01    0.00    0.09 ^ y (out)
                                  0.09   data arrival time

                  0.00   10.00   10.00   clock clk (rise edge)
                          0.00   10.00   clock network delay (ideal)
                         -0.10    9.90   clock uncertainty
                          0.00    9.90   clock reconvergence pessimism
                         -1.00    8.90   output external delay
                                  8.90   data required time
-----------------------------------------------------------------------------
                                  8.90   data required time
                                 -0.09   data arrival time
-----------------------------------------------------------------------------
                                  8.81   slack (MET)



==========================================================================
floorplan final report_checks -unconstrained
--------------------------------------------------------------------------
Startpoint: d[0]$_DFF_PN1_ (rising edge-triggered flip-flop clocked by clk)
Endpoint: y (output port clocked by clk)
Path Group: clk
Path Type: max

Fanout     Cap    Slew   Delay    Time   Description
-----------------------------------------------------------------------------
                  0.00    0.00    0.00   clock clk (rise edge)
                          0.00    0.00   clock network delay (ideal)
                  0.00    0.00    0.00 ^ d[0]$_DFF_PN1_/CK (DFFS_X1)
     2    2.37    0.01    0.09    0.09 ^ d[0]$_DFF_PN1_/Q (DFFS_X1)
                                         y (net)
                  0.01    0.00    0.09 ^ y (out)
                                  0.09   data arrival time

                  0.00   10.00   10.00   clock clk (rise edge)
                          0.00   10.00   clock network delay (ideal)
                         -0.10    9.90   clock uncertainty
                          0.00    9.90   clock reconvergence pessimism
                         -1.00    8.90   output external delay
                                  8.90   data required time
-----------------------------------------------------------------------------
                                  8.90   data required time
                                 -0.09   data arrival time
-----------------------------------------------------------------------------
                                  8.81   slack (MET)



==========================================================================
floorplan final report_power
--------------------------------------------------------------------------
Group                  Internal  Switching    Leakage      Total
                          Power      Power      Power      Power (Watts)
----------------------------------------------------------------
Sequential             1.47e-06   0.00e+00   3.45e-07   1.82e-06  98.6%
Combinational          0.00e+00   0.00e+00   2.64e-08   2.64e-08   1.4%
Clock                  0.00e+00   0.00e+00   0.00e+00   0.00e+00   0.0%
Macro                  0.00e+00   0.00e+00   0.00e+00   0.00e+00   0.0%
Pad                    0.00e+00   0.00e+00   0.00e+00   0.00e+00   0.0%
----------------------------------------------------------------
Total                  1.47e-06   0.00e+00   3.72e-07   1.84e-06 100.0%
                          79.8%       0.0%      20.2%
