
==========================================================================
cts final report_tns
--------------------------------------------------------------------------
tns max 0.00

==========================================================================
cts final report_wns
--------------------------------------------------------------------------
wns max 0.00

==========================================================================
cts final report_worst_slack
--------------------------------------------------------------------------
worst slack max 8.72

==========================================================================
cts final report_clock_min_period
--------------------------------------------------------------------------
clk period_min = 1.28 fmax = 783.56

==========================================================================
cts final report_clock_skew
--------------------------------------------------------------------------
Clock clk
   0.05 source latency d[1]$_DFF_PN1_/CK ^
  -0.05 target latency d[0]$_DFF_PN1_/CK ^
   0.10 clock uncertainty
   0.00 CRPR
--------------
   0.10 setup skew


==========================================================================
cts final report_checks -path_delay min
--------------------------------------------------------------------------
Startpoint: d[2]$_DFF_PN1_ (rising edge-triggered flip-flop clocked by clk)
Endpoint: d[1]$_DFF_PN1_ (rising edge-triggered flip-flop clocked by clk)
Path Group: clk
Path Type: min

Fanout     Cap    Slew   Delay    Time   Description
-----------------------------------------------------------------------------
                          0.00    0.00   clock clk (rise edge)
                          0.00    0.00   clock source latency
     1    2.53    0.00    0.00    0.00 ^ clk (in)
                                         clk (net)
                  0.00    0.00    0.00 ^ clkbuf_0_clk/A (CLKBUF_X3)
     2    4.35    0.01    0.03    0.03 ^ clkbuf_0_clk/Z (CLKBUF_X3)
                                         clknet_0_clk (net)
                  0.01    0.00    0.03 ^ clkbuf_1_0__f_clk/A (CLKBUF_X3)
     2    2.57    0.01    0.03    0.05 ^ clkbuf_1_0__f_clk/Z (CLKBUF_X3)
                                         clknet_1_0__leaf_clk (net)
                  0.01    0.00    0.05 ^ d[2]$_DFF_PN1_/CK (DFFS_X1)
     1    1.30    0.01    0.08    0.14 v d[2]$_DFF_PN1_/Q (DFFS_X1)
                                         d[2] (net)
                  0.01    0.00    0.14 v d[1]$_DFF_PN1_/D (DFFS_X1)
                                  0.14   data arrival time

                          0.00    0.00   clock clk (rise edge)
                          0.00    0.00   clock source latency
     1    2.53    0.00    0.00    0.00 ^ clk (in)
                                         clk (net)
                  0.00    0.00    0.00 ^ clkbuf_0_clk/A (CLKBUF_X3)
     2    4.35    0.01    0.03    0.03 ^ clkbuf_0_clk/Z (CLKBUF_X3)
                                         clknet_0_clk (net)
                  0.01    0.00    0.03 ^ clkbuf_1_0__f_clk/A (CLKBUF_X3)
     2    2.57    0.01    0.03    0.05 ^ clkbuf_1_0__f_clk/Z (CLKBUF_X3)
                                         clknet_1_0__leaf_clk (net)
                  0.01    0.00    0.05 ^ d[1]$_DFF_PN1_/CK (DFFS_X1)
                          0.05    0.10   clock uncertainty
                          0.00    0.10   clock reconvergence pessimism
                          0.00    0.11   library hold time
                                  0.11   data required time
-----------------------------------------------------------------------------
                                  0.11   data required time
                                 -0.14   data arrival time
-----------------------------------------------------------------------------
                                  0.03   slack (MET)



==========================================================================
cts final report_checks -path_delay max
--------------------------------------------------------------------------
Startpoint: d[0]$_DFF_PN1_ (rising edge-triggered flip-flop clocked by clk)
Endpoint: y (output port clocked by clk)
Path Group: clk
Path Type: max

Fanout     Cap    Slew   Delay    Time   Description
-----------------------------------------------------------------------------
                          0.00    0.00   clock clk (rise edge)
                          0.00    0.00   clock source latency
     1    2.53    0.00    0.00    0.00 ^ clk (in)
                                         clk (net)
                  0.00    0.00    0.00 ^ clkbuf_0_clk/A (CLKBUF_X3)
     2    4.35    0.01    0.03    0.03 ^ clkbuf_0_clk/Z (CLKBUF_X3)
                                         clknet_0_clk (net)
                  0.01    0.00    0.03 ^ clkbuf_1_1__f_clk/A (CLKBUF_X3)
     2    2.56    0.01    0.03    0.05 ^ clkbuf_1_1__f_clk/Z (CLKBUF_X3)
                                         clknet_1_1__leaf_clk (net)
                  0.01    0.00    0.05 ^ d[0]$_DFF_PN1_/CK (DFFS_X1)
     2    5.11    0.01    0.10    0.15 ^ d[0]$_DFF_PN1_/Q (DFFS_X1)
                                         net2 (net)
                  0.01    0.00    0.15 ^ output2/A (BUF_X1)
     1    2.16    0.01    0.03    0.18 ^ output2/Z (BUF_X1)
                                         y (net)
                  0.01    0.00    0.18 ^ y (out)
                                  0.18   data arrival time

                         10.00   10.00   clock clk (rise edge)
                          0.00   10.00   clock network delay (propagated)
                         -0.10    9.90   clock uncertainty
                          0.00    9.90   clock reconvergence pessimism
                         -1.00    8.90   output external delay
                                  8.90   data required time
-----------------------------------------------------------------------------
                                  8.90   data required time
                                 -0.18   data arrival time
-----------------------------------------------------------------------------
                                  8.72   slack (MET)



==========================================================================
cts final report_checks -unconstrained
--------------------------------------------------------------------------
Startpoint: d[0]$_DFF_PN1_ (rising edge-triggered flip-flop clocked by clk)
Endpoint: y (output port clocked by clk)
Path Group: clk
Path Type: max

Fanout     Cap    Slew   Delay    Time   Description
-----------------------------------------------------------------------------
                          0.00    0.00   clock clk (rise edge)
                          0.00    0.00   clock source latency
     1    2.53    0.00    0.00    0.00 ^ clk (in)
                                         clk (net)
                  0.00    0.00    0.00 ^ clkbuf_0_clk/A (CLKBUF_X3)
     2    4.35    0.01    0.03    0.03 ^ clkbuf_0_clk/Z (CLKBUF_X3)
                                         clknet_0_clk (net)
                  0.01    0.00    0.03 ^ clkbuf_1_1__f_clk/A (CLKBUF_X3)
     2    2.56    0.01    0.03    0.05 ^ clkbuf_1_1__f_clk/Z (CLKBUF_X3)
                                         clknet_1_1__leaf_clk (net)
                  0.01    0.00    0.05 ^ d[0]$_DFF_PN1_/CK (DFFS_X1)
     2    5.11    0.01    0.10    0.15 ^ d[0]$_DFF_PN1_/Q (DFFS_X1)
                                         net2 (net)
                  0.01    0.00    0.15 ^ output2/A (BUF_X1)
     1    2.16    0.01    0.03    0.18 ^ output2/Z (BUF_X1)
                                         y (net)
                  0.01    0.00    0.18 ^ y (out)
                                  0.18   data arrival time

                         10.00   10.00   clock clk (rise edge)
                          0.00   10.00   clock network delay (propagated)
                         -0.10    9.90   clock uncertainty
                          0.00    9.90   clock reconvergence pessimism
                         -1.00    8.90   output external delay
                                  8.90   data required time
-----------------------------------------------------------------------------
                                  8.90   data required time
                                 -0.18   data arrival time
-----------------------------------------------------------------------------
                                  8.72   slack (MET)



==========================================================================
cts final report_check_types -max_slew -max_cap -max_fanout -violators
--------------------------------------------------------------------------

==========================================================================
cts final max_slew_check_slack
--------------------------------------------------------------------------
0.1774677336215973

==========================================================================
cts final max_slew_check_limit
--------------------------------------------------------------------------
0.1985349953174591

==========================================================================
cts final max_slew_check_slack_limit
--------------------------------------------------------------------------
0.8939

==========================================================================
cts final max_fanout_check_slack
--------------------------------------------------------------------------
1.0000000150474662e+30

==========================================================================
cts final max_fanout_check_limit
--------------------------------------------------------------------------
1.0000000150474662e+30

==========================================================================
cts final max_capacitance_check_slack
--------------------------------------------------------------------------
23.7233943939209

==========================================================================
cts final max_capacitance_check_limit
--------------------------------------------------------------------------
25.329599380493164

==========================================================================
cts final max_capacitance_check_slack_limit
--------------------------------------------------------------------------
0.9366

==========================================================================
cts final max_slew_violation_count
--------------------------------------------------------------------------
max slew violation count 0

==========================================================================
cts final max_fanout_violation_count
--------------------------------------------------------------------------
max fanout violation count 0

==========================================================================
cts final max_cap_violation_count
--------------------------------------------------------------------------
max cap violation count 0

==========================================================================
cts final setup_violation_count
--------------------------------------------------------------------------
setup violation count 0

==========================================================================
cts final hold_violation_count
--------------------------------------------------------------------------
hold violation count 0

==========================================================================
cts final report_checks -path_delay max reg to reg
--------------------------------------------------------------------------
Startpoint: d[0]$_DFF_PN1_ (rising edge-triggered flip-flop clocked by clk)
Endpoint: d[3]$_DFF_PN1_ (rising edge-triggered flip-flop clocked by clk)
Path Group: clk
Path Type: max

  Delay    Time   Description
---------------------------------------------------------
   0.00    0.00   clock clk (rise edge)
   0.00    0.00   clock source latency
   0.00    0.00 ^ clk (in)
   0.03    0.03 ^ clkbuf_0_clk/Z (CLKBUF_X3)
   0.03    0.05 ^ clkbuf_1_1__f_clk/Z (CLKBUF_X3)
   0.00    0.05 ^ d[0]$_DFF_PN1_/CK (DFFS_X1)
   0.09    0.14 v d[0]$_DFF_PN1_/Q (DFFS_X1)
   0.05    0.20 v _5_/Z (XOR2_X1)
   0.00    0.20 v d[3]$_DFF_PN1_/D (DFFS_X1)
           0.20   data arrival time

  10.00   10.00   clock clk (rise edge)
   0.00   10.00   clock source latency
   0.00   10.00 ^ clk (in)
   0.03   10.03 ^ clkbuf_0_clk/Z (CLKBUF_X3)
   0.03   10.05 ^ clkbuf_1_1__f_clk/Z (CLKBUF_X3)
   0.00   10.05 ^ d[3]$_DFF_PN1_/CK (DFFS_X1)
  -0.10    9.95   clock uncertainty
   0.00    9.95   clock reconvergence pessimism
  -0.04    9.91   library setup time
           9.91   data required time
---------------------------------------------------------
           9.91   data required time
          -0.20   data arrival time
---------------------------------------------------------
           9.72   slack (MET)



==========================================================================
cts final report_checks -path_delay min reg to reg
--------------------------------------------------------------------------
Startpoint: d[2]$_DFF_PN1_ (rising edge-triggered flip-flop clocked by clk)
Endpoint: d[1]$_DFF_PN1_ (rising edge-triggered flip-flop clocked by clk)
Path Group: clk
Path Type: min

  Delay    Time   Description
---------------------------------------------------------
   0.00    0.00   clock clk (rise edge)
   0.00    0.00   clock source latency
   0.00    0.00 ^ clk (in)
   0.03    0.03 ^ clkbuf_0_clk/Z (CLKBUF_X3)
   0.03    0.05 ^ clkbuf_1_0__f_clk/Z (CLKBUF_X3)
   0.00    0.05 ^ d[2]$_DFF_PN1_/CK (DFFS_X1)
   0.08    0.14 v d[2]$_DFF_PN1_/Q (DFFS_X1)
   0.00    0.14 v d[1]$_DFF_PN1_/D (DFFS_X1)
           0.14   data arrival time

   0.00    0.00   clock clk (rise edge)
   0.00    0.00   clock source latency
   0.00    0.00 ^ clk (in)
   0.03    0.03 ^ clkbuf_0_clk/Z (CLKBUF_X3)
   0.03    0.05 ^ clkbuf_1_0__f_clk/Z (CLKBUF_X3)
   0.00    0.05 ^ d[1]$_DFF_PN1_/CK (DFFS_X1)
   0.05    0.10   clock uncertainty
   0.00    0.10   clock reconvergence pessimism
   0.00    0.11   library hold time
           0.11   data required time
---------------------------------------------------------
           0.11   data required time
          -0.14   data arrival time
---------------------------------------------------------
           0.03   slack (MET)



==========================================================================
cts final critical path target clock latency max path
--------------------------------------------------------------------------
0

==========================================================================
cts final critical path target clock latency min path
--------------------------------------------------------------------------
0

==========================================================================
cts final critical path source clock latency min path
--------------------------------------------------------------------------
0

==========================================================================
cts final critical path delay
--------------------------------------------------------------------------
0.1762

==========================================================================
cts final critical path slack
--------------------------------------------------------------------------
8.7238

==========================================================================
cts final slack div critical path delay
--------------------------------------------------------------------------
4951.078320

==========================================================================
cts final report_power
--------------------------------------------------------------------------
Group                  Internal  Switching    Leakage      Total
                          Power      Power      Power      Power (Watts)
----------------------------------------------------------------
Sequential             1.46e-06   0.00e+00   3.45e-07   1.80e-06  30.0%
Combinational          2.43e-08   3.88e-08   7.14e-08   1.34e-07   2.2%
Clock                  2.84e-06   1.15e-06   9.17e-08   4.08e-06  67.8%
Macro                  0.00e+00   0.00e+00   0.00e+00   0.00e+00   0.0%
Pad                    0.00e+00   0.00e+00   0.00e+00   0.00e+00   0.0%
----------------------------------------------------------------
Total                  4.32e-06   1.18e-06   5.08e-07   6.01e-06 100.0%
                          71.8%      19.7%       8.5%
